<?xml version="1.0" encoding="UTF-8"?>
<testng-results skipped="0" failed="0" ignored="0" total="2" passed="2">
  <reporter-output>
  </reporter-output>
  <suite name="Default suite" duration-ms="26524" started-at="2019-05-28T17:21:06Z" finished-at="2019-05-28T17:21:32Z">
    <groups>
    </groups>
    <test name="Default test" duration-ms="26524" started-at="2019-05-28T17:21:06Z" finished-at="2019-05-28T17:21:32Z">
      <class name="com.cleartrip.qa.test.LoginTest">
        <test-method status="PASS" signature="setUp()[pri:0, instance:com.cleartrip.qa.test.LoginTest@4501b7af]" name="setUp" is-config="true" duration-ms="12432" started-at="2019-05-28T17:21:06Z" finished-at="2019-05-28T17:21:18Z">
          <reporter-output>
          </reporter-output>
        </test-method> <!-- setUp -->
        <test-method status="PASS" signature="loginPageTitleTest()[pri:1, instance:com.cleartrip.qa.test.LoginTest@4501b7af]" name="loginPageTitleTest" duration-ms="16" started-at="2019-05-28T17:21:18Z" finished-at="2019-05-28T17:21:18Z">
          <reporter-output>
          </reporter-output>
        </test-method> <!-- loginPageTitleTest -->
        <test-method status="PASS" signature="tearDown()[pri:0, instance:com.cleartrip.qa.test.LoginTest@4501b7af]" name="tearDown" is-config="true" duration-ms="1065" started-at="2019-05-28T17:21:18Z" finished-at="2019-05-28T17:21:19Z">
          <reporter-output>
          </reporter-output>
        </test-method> <!-- tearDown -->
        <test-method status="PASS" signature="setUp()[pri:0, instance:com.cleartrip.qa.test.LoginTest@4501b7af]" name="setUp" is-config="true" duration-ms="8663" started-at="2019-05-28T17:21:19Z" finished-at="2019-05-28T17:21:28Z">
          <reporter-output>
          </reporter-output>
        </test-method> <!-- setUp -->
        <test-method status="PASS" signature="loginUrl()[pri:2, instance:com.cleartrip.qa.test.LoginTest@4501b7af]" name="loginUrl" duration-ms="3126" started-at="2019-05-28T17:21:28Z" finished-at="2019-05-28T17:21:31Z">
          <reporter-output>
          </reporter-output>
        </test-method> <!-- loginUrl -->
        <test-method status="PASS" signature="tearDown()[pri:0, instance:com.cleartrip.qa.test.LoginTest@4501b7af]" name="tearDown" is-config="true" duration-ms="1182" started-at="2019-05-28T17:21:31Z" finished-at="2019-05-28T17:21:32Z">
          <reporter-output>
          </reporter-output>
        </test-method> <!-- tearDown -->
      </class> <!-- com.cleartrip.qa.test.LoginTest -->
    </test> <!-- Default test -->
  </suite> <!-- Default suite -->
</testng-results>
